<?xml version="1.0" encoding="UTF-8"?>
<!-- Generated by org.testng.reporters.JUnitReportReporter -->
<testsuite hostname="OM" failures="0" tests="3" name="grouping.SignupTest" time="0.006" errors="0" timestamp="2025-01-27T10:44:25 IST" skipped="0">
  <testcase classname="grouping.SignupTest" name="signUpByEmail" time="0.002"/>
  <system-out/>
  <testcase classname="grouping.SignupTest" name="signUpByFacebook" time="0.002"/>
  <system-out/>
  <testcase classname="grouping.SignupTest" name="signUpByTwitter" time="0.002"/>
  <system-out/>
</testsuite> <!-- grouping.SignupTest -->
