<?xml version="1.0" encoding="UTF-8"?>
<!-- Generated by org.testng.reporters.JUnitReportReporter -->
<testsuite hostname="OM" failures="0" tests="3" name="grouping.LoginTest" time="0.011" errors="0" timestamp="2025-01-27T10:44:25 IST" skipped="0">
  <testcase classname="grouping.LoginTest" name="loginByEmail" time="0.009"/>
  <system-out/>
  <testcase classname="grouping.LoginTest" name="loginByFacebook" time="0.001"/>
  <system-out/>
  <testcase classname="grouping.LoginTest" name="loginByTwitter" time="0.001"/>
  <system-out/>
</testsuite> <!-- grouping.LoginTest -->
