<?xml version="1.0" encoding="UTF-8"?>
<!-- Generated by org.testng.reporters.JUnitReportReporter -->
<testsuite hostname="OM" failures="0" tests="2" name="grouping.PaymentsTest" time="0.010" errors="0" timestamp="2025-01-27T10:37:55 IST" skipped="0">
  <testcase classname="grouping.PaymentsTest" name="paymentInRuppes" time="0.009"/>
  <system-out/>
  <testcase classname="grouping.PaymentsTest" name="paymentInDollers" time="0.001"/>
  <system-out/>
</testsuite> <!-- grouping.PaymentsTest -->
