<?xml version="1.0" encoding="UTF-8"?>
<!-- Generated by org.testng.reporters.JUnitReportReporter -->
<testsuite hostname="OM" failures="0" tests="2" name="annotation01.TC_01" time="0.007" errors="0" timestamp="2025-01-27T09:08:45 IST" skipped="0">
  <testcase classname="annotation01.TC_01" name="abc" time="0.001"/>
  <system-out/>
  <testcase classname="annotation01.TC_01" name="abc" time="0.006"/>
  <system-out/>
</testsuite> <!-- annotation01.TC_01 -->
