<?xml version="1.0" encoding="UTF-8"?>
<!-- Generated by org.testng.reporters.JUnitReportReporter -->
<testsuite hostname="OM" failures="0" tests="2" name="testNG.AnnotationsDemo_01" time="0.016" errors="0" timestamp="2025-01-25T15:38:42 IST" skipped="0">
  <testcase classname="testNG.AnnotationsDemo_01" name="search" time="0.008"/>
  <system-out/>
  <testcase classname="testNG.AnnotationsDemo_01" name="adv_Search" time="0.008"/>
  <system-out/>
</testsuite> <!-- testNG.AnnotationsDemo_01 -->
