<?xml version="1.0" encoding="UTF-8"?>
<!-- Generated by org.testng.reporters.JUnitReportReporter -->
<testsuite hostname="OM" failures="0" tests="2" name="testNG.AllAnnotation" time="0.008" errors="0" timestamp="2025-01-25T17:36:36 IST" skipped="0">
  <testcase classname="testNG.AllAnnotation" name="tm1" time="0.006"/>
  <system-out/>
  <testcase classname="testNG.AllAnnotation" name="tm2" time="0.002"/>
  <system-out/>
</testsuite> <!-- testNG.AllAnnotation -->
