<?xml version="1.0" encoding="UTF-8"?>
<!-- Generated by org.testng.reporters.JUnitReportReporter -->
<testsuite hostname="OM" failures="0" tests="3" name="testNG.TestCases_01" time="0.011" errors="0" timestamp="2025-01-24T18:46:42 IST" skipped="0">
  <testcase classname="testNG.TestCases_01" name="openApp" time="0.002"/>
  <system-out/>
  <testcase classname="testNG.TestCases_01" name="login" time="0.007"/>
  <system-out/>
  <testcase classname="testNG.TestCases_01" name="logout" time="0.002"/>
  <system-out/>
</testsuite> <!-- testNG.TestCases_01 -->
