<?xml version="1.0" encoding="UTF-8"?>
<!-- Generated by org.testng.reporters.JUnitReportReporter -->
<testsuite hostname="OM" failures="0" tests="6" name="parallelTesting.ParamTest" time="0.285" errors="0" timestamp="2025-01-27T17:17:53 IST" skipped="0">
  <testcase classname="parallelTesting.ParamTest" name="testLogo" time="0.051"/>
  <system-out/>
  <testcase classname="parallelTesting.ParamTest" name="testLogo" time="0.156"/>
  <system-out/>
  <testcase classname="parallelTesting.ParamTest" name="testTitle" time="0.020"/>
  <system-out/>
  <testcase classname="parallelTesting.ParamTest" name="testTitle" time="0.020"/>
  <system-out/>
  <testcase classname="parallelTesting.ParamTest" name="testUrl" time="0.017"/>
  <system-out/>
  <testcase classname="parallelTesting.ParamTest" name="testUrl" time="0.021"/>
  <system-out/>
</testsuite> <!-- parallelTesting.ParamTest -->
