<?xml version="1.0" encoding="UTF-8"?>
<!-- Generated by org.testng.reporters.JUnitReportReporter -->
<testsuite hostname="OM" failures="0" tests="4" name="testNG.OrangeHRMTest" time="17.783" errors="0" timestamp="2025-01-24T18:46:42 IST" skipped="0">
  <testcase classname="testNG.OrangeHRMTest" name="openApp" time="10.885"/>
  <system-out/>
  <testcase classname="testNG.OrangeHRMTest" name="testLogo" time="5.074"/>
  <system-out/>
  <testcase classname="testNG.OrangeHRMTest" name="login" time="1.497"/>
  <system-out/>
  <testcase classname="testNG.OrangeHRMTest" name="closeApp" time="0.327"/>
  <system-out/>
</testsuite> <!-- testNG.OrangeHRMTest -->
