<?xml version="1.0" encoding="UTF-8"?>
<!-- Generated by org.testng.reporters.JUnitReportReporter -->
<testsuite hostname="OM" failures="0" tests="1" name="pageObjectModel.LoginTest" time="1.994" errors="0" timestamp="2025-01-29T16:49:47 IST" skipped="0">
  <testcase classname="pageObjectModel.LoginTest" name="testLogin" time="1.994"/>
  <system-out/>
</testsuite> <!-- pageObjectModel.LoginTest -->
