<?xml version="1.0" encoding="UTF-8"?>
<!-- Generated by org.testng.reporters.JUnitReportReporter -->
<testsuite hostname="OM" failures="0" tests="2" name="annotation01.TC_03" time="0.008" errors="0" timestamp="2025-01-27T09:08:45 IST" skipped="0">
  <testcase classname="annotation01.TC_03" name="pqr" time="0.004"/>
  <system-out/>
  <testcase classname="annotation01.TC_03" name="pqr" time="0.004"/>
  <system-out/>
</testsuite> <!-- annotation01.TC_03 -->
