<?xml version="1.0" encoding="UTF-8"?>
<!-- Generated by org.testng.reporters.JUnitReportReporter -->
<testsuite hostname="OM" failures="0" tests="2" name="TestNGPack.TC_02" time="0.003" errors="0" timestamp="2025-01-25T17:11:00 IST" skipped="0">
  <testcase classname="TestNGPack.TC_02" name="xyz" time="0.002"/>
  <system-out/>
  <testcase classname="TestNGPack.TC_02" name="xyz" time="0.001"/>
  <system-out/>
</testsuite> <!-- TestNGPack.TC_02 -->
