<?xml version="1.0" encoding="UTF-8"?>
<!-- Generated by org.testng.reporters.JUnitReportReporter -->
<testsuite hostname="OM" failures="0" tests="2" name="testNG.BeforeAfterClassAnnotation" time="0.009" errors="0" timestamp="2025-01-25T16:07:57 IST" skipped="0">
  <testcase classname="testNG.BeforeAfterClassAnnotation" name="search" time="0.006"/>
  <system-out/>
  <testcase classname="testNG.BeforeAfterClassAnnotation" name="adv_Search" time="0.003"/>
  <system-out/>
</testsuite> <!-- testNG.BeforeAfterClassAnnotation -->
