<?xml version="1.0" encoding="UTF-8"?>
<!-- Generated by org.testng.reporters.JUnitReportReporter -->
<testsuite hostname="OM" failures="0" tests="2" name="TestNGPack.TC_01" time="0.010" errors="0" timestamp="2025-01-25T17:11:00 IST" skipped="0">
  <testcase classname="TestNGPack.TC_01" name="abc" time="0.008"/>
  <system-out/>
  <testcase classname="TestNGPack.TC_01" name="abc" time="0.002"/>
  <system-out/>
</testsuite> <!-- TestNGPack.TC_01 -->
