<?xml version="1.0" encoding="UTF-8"?>
<!-- Generated by org.testng.reporters.JUnitReportReporter -->
<testsuite hostname="OM" failures="0" tests="1" name="testCases.TC001_AccountRegistrationTest" time="4.154" errors="0" timestamp="2025-02-04T11:36:04 IST" skipped="0">
  <testcase classname="testCases.TC001_AccountRegistrationTest" name="verify_Account_Registration" time="4.154"/>
  <system-out/>
</testsuite> <!-- testCases.TC001_AccountRegistrationTest -->
