<?xml version="1.0" encoding="UTF-8"?>
<!-- Generated by org.testng.reporters.JUnitReportReporter -->
<testsuite hostname="OM" failures="0" tests="1" name="assertion.AssertionDemo" time="0.010" errors="0" timestamp="2025-01-25T18:23:39 IST" skipped="0">
  <testcase classname="assertion.AssertionDemo" name="testTitle" time="0.010"/>
  <system-out/>
</testsuite> <!-- assertion.AssertionDemo -->
