<?xml version="1.0" encoding="UTF-8"?>
<!-- Generated by org.testng.reporters.JUnitReportReporter -->
<testsuite hostname="OM" failures="0" tests="2" name="parameterization.DataProviderDemo" time="13.589" errors="0" timestamp="2025-01-27T13:10:56 IST" skipped="0">
  <testcase classname="parameterization.DataProviderDemo" name="testLogin" time="6.210"/>
  <system-out/>
  <testcase classname="parameterization.DataProviderDemo" name="testLogin" time="7.379"/>
  <system-out/>
</testsuite> <!-- parameterization.DataProviderDemo -->
