<?xml version="1.0" encoding="UTF-8"?>
<!-- Generated by org.testng.reporters.JUnitReportReporter -->
<testsuite hostname="OM" failures="0" tests="4" name="annotation.OrangeHRMTest" time="15.521" errors="0" timestamp="2025-01-27T09:07:23 IST" skipped="0">
  <testcase classname="annotation.OrangeHRMTest" name="openApp" time="9.687"/>
  <system-out/>
  <testcase classname="annotation.OrangeHRMTest" name="testLogo" time="5.085"/>
  <system-out/>
  <testcase classname="annotation.OrangeHRMTest" name="login" time="0.400"/>
  <system-out/>
  <testcase classname="annotation.OrangeHRMTest" name="closeApp" time="0.349"/>
  <system-out/>
</testsuite> <!-- annotation.OrangeHRMTest -->
