<?xml version="1.0" encoding="UTF-8"?>
<!-- Generated by org.testng.reporters.JUnitReportReporter -->
<testsuite hostname="OM" failures="0" tests="3" name="annotation.TestCases_01" time="0.017" errors="0" timestamp="2025-01-27T09:07:23 IST" skipped="0">
  <testcase classname="annotation.TestCases_01" name="openApp" time="0.006"/>
  <system-out/>
  <testcase classname="annotation.TestCases_01" name="login" time="0.006"/>
  <system-out/>
  <testcase classname="annotation.TestCases_01" name="logout" time="0.005"/>
  <system-out/>
</testsuite> <!-- annotation.TestCases_01 -->
