<?xml version="1.0" encoding="UTF-8"?>
<!-- Generated by org.testng.reporters.JUnitReportReporter -->
<testsuite hostname="OM" failures="0" tests="1" name="testCases.TC002_LoginTest" time="7.776" errors="0" timestamp="2025-02-04T11:36:03 IST" skipped="0">
  <testcase classname="testCases.TC002_LoginTest" name="verify_login" time="7.776"/>
  <system-out/>
</testsuite> <!-- testCases.TC002_LoginTest -->
